<?xml version="1.0" encoding="UTF-8"?>
<coverage generated="1750852635086" clover="3.2.0">
  <project timestamp="1750852635086" name="All files">
    <metrics statements="30" coveredstatements="30" conditionals="14" coveredconditionals="12" methods="8" coveredmethods="8" elements="52" coveredelements="50" complexity="0" loc="30" ncloc="30" packages="3" files="5" classes="5"/>
    <package name="apod.components">
      <metrics statements="3" coveredstatements="3" conditionals="0" coveredconditionals="0" methods="1" coveredmethods="1"/>
      <file name="ApodSkeleton.tsx" path="/Users/harshmall/Desktop/2025-project-demo/frontend/src/features/apod/components/ApodSkeleton.tsx">
        <metrics statements="3" coveredstatements="3" conditionals="0" coveredconditionals="0" methods="1" coveredmethods="1"/>
        <line num="6" count="1" type="stmt"/>
        <line num="7" count="5" type="stmt"/>
        <line num="59" count="1" type="stmt"/>
      </file>
    </package>
    <package name="apod.components.apodCard">
      <metrics statements="16" coveredstatements="16" conditionals="10" coveredconditionals="8" methods="3" coveredmethods="3"/>
      <file name="ApodCard.tsx" path="/Users/harshmall/Desktop/2025-project-demo/frontend/src/features/apod/components/apodCard/ApodCard.tsx">
        <metrics statements="5" coveredstatements="5" conditionals="2" coveredconditionals="2" methods="1" coveredmethods="1"/>
        <line num="2" count="1" type="stmt"/>
        <line num="3" count="1" type="stmt"/>
        <line num="12" count="1" type="stmt"/>
        <line num="13" count="2" type="stmt"/>
        <line num="38" count="1" type="stmt"/>
      </file>
      <file name="ApodHeader.tsx" path="/Users/harshmall/Desktop/2025-project-demo/frontend/src/features/apod/components/apodCard/ApodHeader.tsx">
        <metrics statements="3" coveredstatements="3" conditionals="0" coveredconditionals="0" methods="1" coveredmethods="1"/>
        <line num="10" count="2" type="stmt"/>
        <line num="11" count="4" type="stmt"/>
        <line num="42" count="2" type="stmt"/>
      </file>
      <file name="ApodMedia.tsx" path="/Users/harshmall/Desktop/2025-project-demo/frontend/src/features/apod/components/apodCard/ApodMedia.tsx">
        <metrics statements="8" coveredstatements="8" conditionals="8" coveredconditionals="6" methods="1" coveredmethods="1"/>
        <line num="10" count="2" type="stmt"/>
        <line num="11" count="5" type="cond" truecount="2" falsecount="0"/>
        <line num="12" count="3" type="stmt"/>
        <line num="25" count="2" type="cond" truecount="2" falsecount="0"/>
        <line num="26" count="1" type="stmt"/>
        <line num="41" count="1" type="stmt"/>
        <line num="42" count="1" type="stmt"/>
        <line num="60" count="2" type="stmt"/>
      </file>
    </package>
    <package name="neo.components">
      <metrics statements="11" coveredstatements="11" conditionals="4" coveredconditionals="4" methods="4" coveredmethods="4"/>
      <file name="NEO3DSpace.tsx" path="/Users/harshmall/Desktop/2025-project-demo/frontend/src/features/neo/components/NEO3DSpace.tsx">
        <metrics statements="11" coveredstatements="11" conditionals="4" coveredconditionals="4" methods="4" coveredmethods="4"/>
        <line num="1" count="1" type="stmt"/>
        <line num="2" count="1" type="stmt"/>
        <line num="3" count="1" type="stmt"/>
        <line num="4" count="1" type="stmt"/>
        <line num="5" count="1" type="stmt"/>
        <line num="28" count="2" type="stmt"/>
        <line num="30" count="2" type="stmt"/>
        <line num="47" count="2" type="stmt"/>
        <line num="50" count="4" type="stmt"/>
        <line num="73" count="1" type="stmt"/>
        <line num="74" count="2" type="stmt"/>
      </file>
    </package>
  </project>
</coverage>
