{"/Users/harshmall/Desktop/2025-project-demo/frontend/src/features/apod/components/ApodSkeleton.tsx": {"path":"/Users/harshmall/Desktop/2025-project-demo/frontend/src/features/apod/components/ApodSkeleton.tsx","statementMap":{"0":{"start":{"line":6,"column":21},"end":{"line":57,"column":1}},"1":{"start":{"line":7,"column":2},"end":{"line":56,"column":4}},"2":{"start":{"line":59,"column":0},"end":{"line":59,"column":28}}},"fnMap":{"0":{"name":"(anonymous_0)","decl":{"start":{"line":6,"column":21},"end":{"line":6,"column":24}},"loc":{"start":{"line":6,"column":26},"end":{"line":57,"column":1}}}},"branchMap":{},"s":{"0":1,"1":5,"2":1},"f":{"0":5},"b":{}}
,"/Users/harshmall/Desktop/2025-project-demo/frontend/src/features/apod/components/apodCard/ApodCard.tsx": {"path":"/Users/harshmall/Desktop/2025-project-demo/frontend/src/features/apod/components/apodCard/ApodCard.tsx","statementMap":{"0":{"start":{"line":2,"column":0},"end":{"line":2,"column":36}},"1":{"start":{"line":3,"column":0},"end":{"line":3,"column":38}},"2":{"start":{"line":12,"column":17},"end":{"line":36,"column":1}},"3":{"start":{"line":13,"column":2},"end":{"line":35,"column":4}},"4":{"start":{"line":38,"column":0},"end":{"line":38,"column":24}}},"fnMap":{"0":{"name":"(anonymous_0)","decl":{"start":{"line":12,"column":17},"end":{"line":12,"column":18}},"loc":{"start":{"line":12,"column":45},"end":{"line":36,"column":1}}}},"branchMap":{"0":{"loc":{"start":{"line":26,"column":9},"end":{"line":31,"column":null}},"type":"binary-expr","locations":[{"start":{"line":26,"column":9},"end":{"line":26,"column":23}},{"start":{"line":27,"column":10},"end":{"line":30,"column":null}}]}},"s":{"0":1,"1":1,"2":1,"3":2,"4":1},"f":{"0":2},"b":{"0":[2,2]}}
,"/Users/harshmall/Desktop/2025-project-demo/frontend/src/features/apod/components/apodCard/ApodHeader.tsx": {"path":"/Users/harshmall/Desktop/2025-project-demo/frontend/src/features/apod/components/apodCard/ApodHeader.tsx","statementMap":{"0":{"start":{"line":10,"column":19},"end":{"line":40,"column":1}},"1":{"start":{"line":11,"column":2},"end":{"line":39,"column":4}},"2":{"start":{"line":42,"column":0},"end":{"line":42,"column":26}}},"fnMap":{"0":{"name":"(anonymous_0)","decl":{"start":{"line":10,"column":19},"end":{"line":10,"column":20}},"loc":{"start":{"line":10,"column":49},"end":{"line":40,"column":1}}}},"branchMap":{},"s":{"0":2,"1":4,"2":2},"f":{"0":4},"b":{}}
,"/Users/harshmall/Desktop/2025-project-demo/frontend/src/features/apod/components/apodCard/ApodMedia.tsx": {"path":"/Users/harshmall/Desktop/2025-project-demo/frontend/src/features/apod/components/apodCard/ApodMedia.tsx","statementMap":{"0":{"start":{"line":10,"column":18},"end":{"line":58,"column":1}},"1":{"start":{"line":11,"column":2},"end":{"line":23,"column":3}},"2":{"start":{"line":12,"column":4},"end":{"line":22,"column":6}},"3":{"start":{"line":25,"column":2},"end":{"line":39,"column":3}},"4":{"start":{"line":26,"column":4},"end":{"line":38,"column":6}},"5":{"start":{"line":41,"column":2},"end":{"line":41,"column":66}},"6":{"start":{"line":42,"column":2},"end":{"line":57,"column":4}},"7":{"start":{"line":60,"column":0},"end":{"line":60,"column":25}}},"fnMap":{"0":{"name":"(anonymous_0)","decl":{"start":{"line":10,"column":18},"end":{"line":10,"column":19}},"loc":{"start":{"line":10,"column":47},"end":{"line":58,"column":1}}}},"branchMap":{"0":{"loc":{"start":{"line":11,"column":2},"end":{"line":23,"column":3}},"type":"if","locations":[{"start":{"line":11,"column":2},"end":{"line":23,"column":3}},{"start":{},"end":{}}]},"1":{"loc":{"start":{"line":15,"column":15},"end":{"line":15,"column":37}},"type":"binary-expr","locations":[{"start":{"line":15,"column":15},"end":{"line":15,"column":25}},{"start":{"line":15,"column":29},"end":{"line":15,"column":37}}]},"2":{"loc":{"start":{"line":25,"column":2},"end":{"line":39,"column":3}},"type":"if","locations":[{"start":{"line":25,"column":2},"end":{"line":39,"column":3}},{"start":{},"end":{}}]},"3":{"loc":{"start":{"line":49,"column":14},"end":{"line":49,"column":55}},"type":"binary-expr","locations":[{"start":{"line":49,"column":14},"end":{"line":49,"column":22}},{"start":{"line":49,"column":26},"end":{"line":49,"column":55}}]}},"s":{"0":2,"1":5,"2":3,"3":2,"4":1,"5":1,"6":1,"7":2},"f":{"0":5},"b":{"0":[3,2],"1":[3,0],"2":[1,1],"3":[1,0]}}
,"/Users/harshmall/Desktop/2025-project-demo/frontend/src/features/neo/components/NEO3DSpace.tsx": {"path":"/Users/harshmall/Desktop/2025-project-demo/frontend/src/features/neo/components/NEO3DSpace.tsx","statementMap":{"0":{"start":{"line":1,"column":0},"end":{"line":1,"column":55}},"1":{"start":{"line":2,"column":0},"end":{"line":2,"column":33}},"2":{"start":{"line":3,"column":0},"end":{"line":3,"column":57}},"3":{"start":{"line":4,"column":0},"end":{"line":4,"column":38}},"4":{"start":{"line":5,"column":0},"end":{"line":5,"column":68}},"5":{"start":{"line":28,"column":18},"end":{"line":28,"column":59}},"6":{"start":{"line":30,"column":2},"end":{"line":39,"column":4}},"7":{"start":{"line":47,"column":2},"end":{"line":66,"column":4}},"8":{"start":{"line":50,"column":8},"end":{"line":51,"column":null}},"9":{"start":{"line":73,"column":26},"end":{"line":144,"column":1}},"10":{"start":{"line":74,"column":2},"end":{"line":143,"column":4}},"11":{"start":{"line":73,"column":13},"end":{"line":73,"column":26}}},"fnMap":{"0":{"name":"Earth","decl":{"start":{"line":26,"column":9},"end":{"line":26,"column":14}},"loc":{"start":{"line":26,"column":14},"end":{"line":40,"column":1}}},"1":{"name":"Asteroids","decl":{"start":{"line":46,"column":9},"end":{"line":46,"column":18}},"loc":{"start":{"line":46,"column":53},"end":{"line":67,"column":1}}},"2":{"name":"(anonymous_2)","decl":{"start":{"line":49,"column":16},"end":{"line":49,"column":17}},"loc":{"start":{"line":50,"column":8},"end":{"line":51,"column":null}}},"3":{"name":"(anonymous_3)","decl":{"start":{"line":73,"column":26},"end":{"line":73,"column":27}},"loc":{"start":{"line":73,"column":59},"end":{"line":144,"column":1}}}},"branchMap":{"0":{"loc":{"start":{"line":57,"column":19},"end":{"line":57,"column":63}},"type":"cond-expr","locations":[{"start":{"line":57,"column":42},"end":{"line":57,"column":51}},{"start":{"line":57,"column":54},"end":{"line":57,"column":63}}]},"1":{"loc":{"start":{"line":58,"column":22},"end":{"line":58,"column":66}},"type":"cond-expr","locations":[{"start":{"line":58,"column":45},"end":{"line":58,"column":54}},{"start":{"line":58,"column":57},"end":{"line":58,"column":66}}]}},"s":{"0":1,"1":1,"2":1,"3":1,"4":1,"5":2,"6":2,"7":2,"8":4,"9":1,"10":2,"11":1},"f":{"0":2,"1":2,"2":4,"3":2},"b":{"0":[2,2],"1":[2,2]}}
}
