TN:
SF:src/features/apod/components/ApodSkeleton.tsx
FN:6,(anonymous_0)
FNF:1
FNH:1
FNDA:5,(anonymous_0)
DA:6,1
DA:7,5
DA:59,1
LF:3
LH:3
BRF:0
BRH:0
end_of_record
TN:
SF:src/features/apod/components/apodCard/ApodCard.tsx
FN:12,(anonymous_0)
FNF:1
FNH:1
FNDA:2,(anonymous_0)
DA:2,1
DA:3,1
DA:12,1
DA:13,2
DA:38,1
LF:5
LH:5
BRDA:26,0,0,2
BRDA:26,0,1,2
BRF:2
BRH:2
end_of_record
TN:
SF:src/features/apod/components/apodCard/ApodHeader.tsx
FN:10,(anonymous_0)
FNF:1
FNH:1
FNDA:4,(anonymous_0)
DA:10,2
DA:11,4
DA:42,2
LF:3
LH:3
BRF:0
BRH:0
end_of_record
TN:
SF:src/features/apod/components/apodCard/ApodMedia.tsx
FN:10,(anonymous_0)
FNF:1
FNH:1
FNDA:5,(anonymous_0)
DA:10,2
DA:11,5
DA:12,3
DA:25,2
DA:26,1
DA:41,1
DA:42,1
DA:60,2
LF:8
LH:8
BRDA:11,0,0,3
BRDA:11,0,1,2
BRDA:15,1,0,3
BRDA:15,1,1,0
BRDA:25,2,0,1
BRDA:25,2,1,1
BRDA:49,3,0,1
BRDA:49,3,1,0
BRF:8
BRH:6
end_of_record
TN:
SF:src/features/neo/components/NEO3DSpace.tsx
FN:26,Earth
FN:46,Asteroids
FN:49,(anonymous_2)
FN:73,(anonymous_3)
FNF:4
FNH:4
FNDA:2,Earth
FNDA:2,Asteroids
FNDA:4,(anonymous_2)
FNDA:2,(anonymous_3)
DA:1,1
DA:2,1
DA:3,1
DA:4,1
DA:5,1
DA:28,2
DA:30,2
DA:47,2
DA:50,4
DA:73,1
DA:74,2
LF:11
LH:11
BRDA:57,0,0,2
BRDA:57,0,1,2
BRDA:58,1,0,2
BRDA:58,1,1,2
BRF:4
BRH:4
end_of_record
